<?xml version="1.0" encoding="UTF-8" ?>
<testsuite errors="0" skipped="0" tests="2" time="0.08" failures="0"
           name="ch.hortis.sonar.mvn.mc.JavaNCSSCollectorTest">
  <properties>
    <!-- list of properties... -->
  </properties>
  <testcase time="0.035" name="testGetUnKnownCollector"/>
  <testcase time="0" name="testGetJDependsCollector"/>
  <testcase time="0" name="testGetJavaNCSSCollector"/>
  <testcase time="0" name="testGetCloverCollector"/>
  <testcase time="0.644" name="testCollectWithoutPluginConfiguration"/>
  <testcase time="0.015" name="testCollectWithPluginConfiguration"/>
  <testcase time="0.044" name="testCollectWithoutPluginConfiguration"/>
  <testcase time="0.013" name="testCollectWithPluginConfiguration"/>
  <testcase time="0.024" name="testGetEmptyJdbcPassword"/>
  <testcase time="6.889" name="testPopulateWithoutAnyReport"/>
  <testcase time="0.697" name="testPopulateWithJavaNcssReport"/>
  <testcase time="0.665" name="testPopulateWithJDependsReport"/>
  <testcase time="0.283" name="testPopulateWithCloverReport"/>
  <testcase time="0.592" name="testPopulateWithCheckstyleReport"/>
  <testcase time="0.014" name="testCollectWithoutPluginConfiguration"/>
  <testcase time="0.001" name="testCollectWithPluginConfiguration"/>
  <testcase time="0.074" name="testCollectWithoutPluginConfiguration"/>
  <testcase time="0.003" name="testCollectWithPluginConfiguration"/>
</testsuite>