<?xml version="1.0" encoding="UTF-8" ?>
<testsuite errors="0" skipped="0" tests="2" time="0.061" failures="0" name="ch.hortis.sonar.mvn.mc.CloverCollectorTest">
  <properties>
    <!-- list of properties... -->
  </properties>
  <testcase time="0.035" name="testGetUnKnownCollector"/>
  <testcase time="0" name="testGetJDependsCollector"/>
  <testcase time="0" name="testGetJavaNCSSCollector"/>
  <testcase time="0" name="testGetCloverCollector"/>
  <testcase time="0.644" name="testCollectWithoutPluginConfiguration"/>
  <testcase time="0.015" name="testCollectWithPluginConfiguration"/>
  <testcase time="0.044" name="testCollectWithoutPluginConfiguration"/>
  <testcase time="0.013" name="testCollectWithPluginConfiguration"/>
</testsuite>