<?xml version="1.0" encoding="UTF-8" ?>
<testsuite errors="0" skipped="0" tests="4" time="0.078" failures="0"
           name="ch.hortis.sonar.mvn.mc.MetricsCollectorRegistryTest">
  <properties>
    <!-- list of properties... -->
  </properties>
  <testcase time="0.035" name="testGetUnKnownCollector"/>
  <testcase time="0" name="testGetJDependsCollector"/>
  <testcase time="0" name="testGetJavaNCSSCollector"/>
  <testcase time="0" name="testGetCloverCollector"/>
</testsuite>