<?xml version="1.0" encoding="UTF-8" ?>
<testsuite failures="0" time="0.023" errors="0" skipped="0" tests="1" name="org.sonar.plugins.surefire.NestedInnerTest$Inner2$Run">
  <properties>
    <!-- list of properties... -->
  </properties>
  <testcase time="0" classname="org.sonar.plugins.surefire.NestedInnerTest$Inner2$Run" name="test2"/>
</testsuite>