<?xml version="1.0" encoding="UTF-8" ?>
<testsuite errors="0" skipped="0" tests="2" time="0.032" failures="0" name="NoPackagesTest">
  <properties>
    <!-- list of properties... -->
  </properties>
  <testcase classname="NoPackagesTest" time="0.001" name="test1"/>
  <testcase classname="NoPackagesTest" time="0.001" name="test2"/>
</testsuite>