<?xml version="1.0" encoding="UTF-8" ?>
<testsuite errors="0" skipped="2" tests="2" time="0.032" failures="0" name="org.sonar.Foo">
  <properties>
    <!-- list of properties... -->
  </properties>
  <testcase classname="org.sonar.Foo" time="0.005" name="skippedOne">
    <skipped/>
  </testcase>
  <testcase classname="org.sonar.Foo" time="0.10" name="skippedTwo">
    <skipped/>
  </testcase>
</testsuite>