<?xml version="1.0" encoding="UTF-8" ?>
<testsuite errors="0" skipped="1" tests="1" time="0.001" failures="0" name="org.apache.shindig.protocol.TestHandler">
  <properties>
    <!-- list of properties... -->
  </properties>
  <testcase classname="org.apache.shindig.protocol.TestHandler" time="0.003" name="org.apache.shindig.protocol.TestHandler">
    <skipped/>
  </testcase>
</testsuite>